Now listening MQTT Server
(node:16278) [MONGOOSE] DeprecationWarning: Mongoose: the `strictQuery` option will be switched back to `false` by default in Mongoose 7. Use `mongoose.set('strictQuery', false);` if you want to prepare for this change. Or use `mongoose.set('strictQuery', true);` to suppress this warning.
server on! http://localhost:8888
MongoDB Connected...
[0mGET / [36m302[0m 6.231 ms - 56[0m
[0mGET /login [32m200[0m 11.259 ms - 3384[0m
[0mGET /favicon.ico [36m302[0m 1.140 ms - 28[0m
[0mGET /login [36m304[0m 2.763 ms - -[0m
[0mGET / [36m302[0m 0.635 ms - 56[0m
[0mGET /login [36m304[0m 1.744 ms - -[0m
[0mGET / [36m302[0m 0.716 ms - 56[0m
[0mGET /login [36m304[0m 2.266 ms - -[0m
[0mGET /favicon.ico [36m302[0m 0.513 ms - 28[0m
[0mGET /login [36m304[0m 1.769 ms - -[0m
[0mGET /register [32m200[0m 3.433 ms - 4295[0m
[0mGET /favicon.ico [36m302[0m 0.544 ms - 28[0m
[0mGET /login [36m304[0m 1.450 ms - -[0m
[0mGET /login [32m200[0m 2.585 ms - 3302[0m
[0mGET /favicon.ico [36m302[0m 0.442 ms - 28[0m
[0mGET /login [32m200[0m 1.414 ms - 3384[0m
[0mPOST /login [36m302[0m 157.532 ms - 46[0m
[0mGET / [36m302[0m 3.507 ms - 62[0m
[0mGET /asdf1111 [36m304[0m 13.660 ms - -[0m
[0mGET /favicon.ico [32m200[0m 8.050 ms - 8499[0m
[0mPOST /logout [36m302[0m 4.325 ms - 46[0m
[0mGET / [36m302[0m 0.429 ms - 56[0m
[0mGET /login [32m200[0m 1.368 ms - 3384[0m
[0mGET /favicon.ico [36m302[0m 0.449 ms - 28[0m
[0mGET /login [36m304[0m 1.458 ms - -[0m
[0mGET /login [32m200[0m 2.381 ms - 3302[0m
[0mGET /favicon.ico [36m302[0m 0.424 ms - 28[0m
[0mGET /login [32m200[0m 1.327 ms - 3384[0m
[0mGET /register [36m304[0m 2.257 ms - -[0m
[0mGET /favicon.ico [36m302[0m 0.499 ms - 28[0m
[0mGET /login [36m304[0m 1.504 ms - -[0m
[0mPOST /register [36m302[0m 109.732 ms - 56[0m
[0mGET /login [32m200[0m 1.414 ms - 3302[0m
[0mGET /favicon.ico [36m302[0m 0.443 ms - 28[0m
[0mGET /login [32m200[0m 1.327 ms - 3384[0m
[0mPOST /login [36m302[0m 108.372 ms - 46[0m
[0mGET / [36m302[0m 2.417 ms - 60[0m
[0mGET /test111 [32m200[0m 12.337 ms - 8498[0m
[0mGET /favicon.ico [32m200[0m 6.657 ms - 8498[0m
[0mPOST /time-promise [36m302[0m 5.570 ms - 60[0m
[0mGET /test111 [32m200[0m 6.769 ms - 8492[0m
[0mGET /favicon.ico [36m304[0m 5.750 ms - -[0m
Now listening MQTT Server
(node:16922) [MONGOOSE] DeprecationWarning: Mongoose: the `strictQuery` option will be switched back to `false` by default in Mongoose 7. Use `mongoose.set('strictQuery', false);` if you want to prepare for this change. Or use `mongoose.set('strictQuery', true);` to suppress this warning.
server on! http://localhost:8888
MongoDB Connected...
[0mGET / [36m302[0m 7.619 ms - 56[0m
[0mGET /login [32m200[0m 24.477 ms - 3384[0m
[0mGET /favicon.ico [36m302[0m 1.218 ms - 28[0m
[0mGET /login [36m304[0m 2.765 ms - -[0m
[0mGET / [36m302[0m 0.552 ms - 56[0m
[0mGET /login [32m200[0m 1.661 ms - 3384[0m
[0mGET /favicon.ico [36m302[0m 0.590 ms - 28[0m
[0mGET /login [36m304[0m 1.639 ms - -[0m
[0mGET / [36m302[0m 0.592 ms - 56[0m
[0mGET /login [32m200[0m 1.675 ms - 3384[0m
[0mGET /favicon.ico [36m302[0m 0.502 ms - 28[0m
[0mGET /login [36m304[0m 2.653 ms - -[0m
[0mPOST /login [36m302[0m 15.540 ms - 56[0m
[0mGET /login [32m200[0m 1.506 ms - 3409[0m
[0mGET /favicon.ico [36m302[0m 0.614 ms - 28[0m
[0mGET /login [32m200[0m 2.775 ms - 3384[0m
[0mPOST /login [36m302[0m 0.631 ms - 56[0m
[0mGET /login [32m200[0m 2.021 ms - 3496[0m
[0mGET /favicon.ico [36m302[0m 0.503 ms - 28[0m
[0mGET /login [32m200[0m 1.471 ms - 3384[0m
[0mPOST /login [36m302[0m 2.790 ms - 56[0m
[0mGET /login [32m200[0m 1.529 ms - 3409[0m
[0mGET /favicon.ico [36m302[0m 0.511 ms - 28[0m
[0mGET /login [32m200[0m 2.667 ms - 3384[0m
[0mPOST /login [36m302[0m 2.229 ms - 56[0m
[0mGET /login [32m200[0m 1.388 ms - 3409[0m
[0mGET /favicon.ico [36m302[0m 0.442 ms - 28[0m
[0mGET /login [32m200[0m 2.298 ms - 3384[0m
[0mGET /login [32m200[0m 1.567 ms - 3302[0m
[0mGET /favicon.ico [36m302[0m 0.482 ms - 28[0m
[0mGET /login [32m200[0m 2.593 ms - 3384[0m
[0mGET /register [32m200[0m 3.147 ms - 4295[0m
[0mGET /favicon.ico [36m302[0m 0.483 ms - 28[0m
[0mGET /login [36m304[0m 1.624 ms - -[0m
[0mPOST /register [36m302[0m 6.967 ms - 62[0m
[0mGET /register [32m200[0m 2.126 ms - 4447[0m
[0mGET /favicon.ico [36m302[0m 0.492 ms - 28[0m
[0mGET /login [36m304[0m 1.774 ms - -[0m
[0mPOST /register [36m302[0m 144.403 ms - 56[0m
[0mGET /login [32m200[0m 2.592 ms - 3302[0m
[0mGET /favicon.ico [36m302[0m 0.468 ms - 28[0m
[0mGET /login [32m200[0m 1.293 ms - 3384[0m
[0mPOST /login [36m302[0m 117.568 ms - 46[0m
[0mGET / [36m302[0m 6.446 ms - 56[0m
[0mGET /user1 [32m200[0m 19.664 ms - 8496[0m
[0mGET /favicon.ico [32m200[0m 6.325 ms - 8496[0m
[0mGET / [36m302[0m 0.547 ms - 28[0m
[0mGET /login [32m200[0m 3.796 ms - 3302[0m
[0mGET / [36m302[0m 0.543 ms - 56[0m
[0mGET /login [32m200[0m 2.247 ms - 3384[0m
[0mGET /favicon.ico [36m302[0m 0.431 ms - 28[0m
[0mGET /login [36m304[0m 1.399 ms - -[0m
[0mPOST /login [36m302[0m 108.847 ms - 46[0m
[0mGET / [36m302[0m 3.634 ms - 56[0m
[0mGET /user1 [32m200[0m 6.859 ms - 8496[0m
[0mGET /favicon.ico [32m200[0m 7.341 ms - 8496[0m
[0mPOST /time-promise [36m302[0m 7.146 ms - 56[0m
[0mGET /user1 [32m200[0m 7.065 ms - 8490[0m
[0mGET /favicon.ico [36m304[0m 5.145 ms - -[0m
[0mPOST /self-promise [36m302[0m 5.869 ms - 32[0m
[0mPOST /time-promise [36m302[0m 10.664 ms - 28[0m
[0mGET /undefined [32m200[0m 6.973 ms - 8496[0m
[0mGET /user1 [36m304[0m 5.375 ms - -[0m
[0mPOST /time-promise [36m302[0m 6.450 ms - 28[0m
[0mPOST /self-promise [36m302[0m 6.397 ms - 32[0m
[0mGET /user1 [36m304[0m 6.835 ms - -[0m
[0mGET /undefined [36m304[0m 7.684 ms - -[0m
[0mPOST /self-promise [36m302[0m 4.829 ms - 32[0m
[0mPOST /time-promise [36m302[0m 7.405 ms - 28[0m
[0mGET /undefined [36m304[0m 7.949 ms - -[0m
[0mGET /user1 [36m304[0m 8.461 ms - -[0m
[0mPOST /self-promise [36m302[0m 3.534 ms - 32[0m
[0mPOST /time-promise [36m302[0m 4.670 ms - 28[0m
[0mGET /undefined [36m304[0m 5.292 ms - -[0m
[0mGET /user1 [36m304[0m 5.840 ms - -[0m
[0mPOST /time-promise [36m302[0m 5.660 ms - 28[0m
[0mPOST /self-promise [36m302[0m 3.271 ms - 32[0m
[0mGET /user1 [36m304[0m 5.556 ms - -[0m
[0mGET /undefined [36m304[0m 5.893 ms - -[0m
[0mPOST /time-promise [36m302[0m 4.561 ms - 28[0m
[0mPOST /self-promise [36m302[0m 2.901 ms - 32[0m
[0mGET /user1 [36m304[0m 5.576 ms - -[0m
[0mGET /undefined [36m304[0m 5.775 ms - -[0m
[0mPOST /time-promise [36m302[0m 13.332 ms - 28[0m
[0mPOST /self-promise [36m302[0m 3.098 ms - 32[0m
[0mGET /user1 [36m304[0m 6.224 ms - -[0m
[0mGET /undefined [36m304[0m 5.051 ms - -[0m
[0mPOST /self-promise [36m302[0m 5.154 ms - 32[0m
[0mPOST /time-promise [36m302[0m 7.501 ms - 28[0m
[0mGET /undefined [36m304[0m 8.565 ms - -[0m
[0mGET /user1 [36m304[0m 9.723 ms - -[0m
[0mPOST /time-promise [36m302[0m 4.743 ms - 28[0m
[0mPOST /self-promise [36m302[0m 2.825 ms - 32[0m
[0mGET /user1 [36m304[0m 14.446 ms - -[0m
[0mGET /undefined [36m304[0m 6.877 ms - -[0m
[0mPOST /time-promise [36m302[0m 5.928 ms - 28[0m
[0mPOST /self-promise [36m302[0m 6.381 ms - 32[0m
[0mGET /user1 [36m304[0m 6.806 ms - -[0m
[0mGET /undefined [36m304[0m 7.603 ms - -[0m
[0mPOST /time-promise [36m302[0m 5.406 ms - 28[0m
[0mPOST /self-promise [36m302[0m 2.913 ms - 32[0m
[0mGET /user1 [36m304[0m 6.179 ms - -[0m
[0mGET /undefined [36m304[0m 4.735 ms - -[0m
[0mGET /map?subway_name=user2 [32m200[0m 5.752 ms - 8496[0m
[0mGET /favicon.ico [36m304[0m 5.556 ms - -[0m
[0mGET /map?subway_name=user2 [36m304[0m 6.762 ms - -[0m
[0mGET /favicon.ico [36m304[0m 5.261 ms - -[0m
[0mGET /favicon.ico [36m304[0m 7.024 ms - -[0m
[0mPOST /self-promise [36m302[0m 4.632 ms - 32[0m
[0mPOST /time-promise [36m302[0m 5.389 ms - 28[0m
[0mGET /undefined [36m304[0m 6.302 ms - -[0m
[0mGET /user1 [36m304[0m 5.117 ms - -[0m
[0mGET /user1 [36m304[0m 6.515 ms - -[0m
[0mGET /favicon.ico [36m304[0m 4.747 ms - -[0m
[0mGET /user1 [36m304[0m 6.575 ms - -[0m
[0mGET /favicon.ico [36m304[0m 5.339 ms - -[0m
[0mGET /user1 [36m304[0m 6.780 ms - -[0m
[0mGET /favicon.ico [36m304[0m 5.393 ms - -[0m
[0mGET /user1 [36m304[0m 6.795 ms - -[0m
[0mGET /favicon.ico [36m304[0m 16.542 ms - -[0m
[0mPOST /self-promise [36m302[0m 2.878 ms - 32[0m
[0mPOST /time-promise [36m302[0m 7.344 ms - 28[0m
[0mGET /undefined [36m304[0m 6.336 ms - -[0m
[0mGET /user1 [36m304[0m 5.192 ms - -[0m
[0mPOST /self-promise [36m302[0m 4.426 ms - 32[0m
[0mPOST /time-promise [36m302[0m 2.978 ms - 28[0m
[0mGET /undefined [36m304[0m 4.782 ms - -[0m
[0mGET /user1 [36m304[0m 5.710 ms - -[0m
[0mPOST /self-promise [36m302[0m 3.344 ms - 32[0m
[0mPOST /time-promise [36m302[0m 3.232 ms - 28[0m
[0mGET /undefined [36m304[0m 5.840 ms - -[0m
[0mGET /user1 [36m304[0m 4.907 ms - -[0m
[0mPOST /self-promise [36m302[0m 3.408 ms - 32[0m
[0mPOST /time-promise [36m302[0m 4.189 ms - 28[0m
[0mGET /undefined [36m304[0m 6.151 ms - -[0m
[0mGET /user1 [36m304[0m 5.881 ms - -[0m
[0mPOST /time-promise [36m302[0m 8.331 ms - 28[0m
[0mPOST /self-promise [36m302[0m 4.476 ms - 32[0m
[0mGET /user1 [36m304[0m 7.098 ms - -[0m
[0mGET /undefined [36m304[0m 5.920 ms - -[0m
[0mGET /favicon.ico [36m304[0m 5.407 ms - -[0m
[0mPOST /logout [36m302[0m 2.795 ms - 46[0m
[0mGET / [36m302[0m 0.437 ms - 56[0m
[0mGET /login [32m200[0m 1.400 ms - 3302[0m
[0mGET /favicon.ico [36m302[0m 0.502 ms - 28[0m
[0mGET /login [32m200[0m 1.508 ms - 3384[0m
[0mGET /register [32m200[0m 2.191 ms - 4295[0m
[0mGET /favicon.ico [36m302[0m 0.473 ms - 28[0m
[0mGET /login [36m304[0m 1.416 ms - -[0m
[0mPOST /register [36m302[0m 117.279 ms - 56[0m
[0mGET /login [32m200[0m 1.314 ms - 3302[0m
[0mGET /favicon.ico [36m302[0m 0.428 ms - 28[0m
[0mGET /login [32m200[0m 1.310 ms - 3384[0m
[0mPOST /login [36m302[0m 108.126 ms - 46[0m
[0mGET / [36m302[0m 1.876 ms - 56[0m
[0mGET /user2 [32m200[0m 4.911 ms - 8496[0m
[0mGET /favicon.ico [32m200[0m 5.876 ms - 8496[0m
[0mPOST /time-promise [36m302[0m 3.774 ms - 56[0m
[0mGET /user2 [32m200[0m 4.840 ms - 8490[0m
[0mGET /favicon.ico [36m304[0m 5.363 ms - -[0m
[0mPOST /time-promise [36m302[0m 3.829 ms - 56[0m
[0mGET /user2 [36m304[0m 6.033 ms - -[0m
[0mGET /favicon.ico [36m304[0m 4.956 ms - -[0m
[0mPOST /time-promise [36m302[0m 3.643 ms - 56[0m
[0mGET /user2 [36m304[0m 4.569 ms - -[0m
[0mGET /favicon.ico [36m304[0m 6.804 ms - -[0m
[0mPOST /time-promise [36m302[0m 3.963 ms - 56[0m
[0mGET /user2 [36m304[0m 6.129 ms - -[0m
[0mGET /favicon.ico [36m304[0m 5.053 ms - -[0m
[0mGET /map?subway_name=user1 [32m200[0m 16.237 ms - 8496[0m
[0mGET /favicon.ico [36m304[0m 5.327 ms - -[0m
[0mGET /map?subway_name=user2 [32m200[0m 6.498 ms - 8496[0m
[0mGET /favicon.ico [36m304[0m 5.522 ms - -[0m
[0mGET /favicon.ico [36m304[0m 6.246 ms - -[0m
[0mGET /favicon.ico [36m304[0m 5.464 ms - -[0m
[0mGET /favicon.ico [36m304[0m 8.543 ms - -[0m
[0mGET /favicon.ico [36m304[0m 5.474 ms - -[0m
[0mGET /favicon.ico [36m304[0m 6.558 ms - -[0m
[0mGET /favicon.ico [36m304[0m 5.370 ms - -[0m
[0mGET /login [32m200[0m 6.206 ms - 3475[0m
[0mGET /favicon.ico [36m304[0m 5.854 ms - -[0m
[0mGET /favicon.ico [36m304[0m 5.658 ms - -[0m
[0mGET /favicon.ico [36m304[0m 5.302 ms - -[0m
[0mGET /favicon.ico [36m304[0m 5.263 ms - -[0m
[0mGET /favicon.ico [36m304[0m 5.981 ms - -[0m
[0mGET /favicon.ico [36m304[0m 13.072 ms - -[0m
[0mPOST /time-promise [36m302[0m 5.298 ms - 28[0m
[0mPOST /self-promise [36m302[0m 5.040 ms - 32[0m
[0mGET /undefined [32m200[0m 9.096 ms - 8496[0m
[0mGET /user2 [36m304[0m 10.022 ms - -[0m
[0mGET /favicon.ico [36m302[0m 0.473 ms - 28[0m
[0mGET /login [32m200[0m 1.470 ms - 3384[0m
[0mGET / [36m302[0m 0.363 ms - 28[0m
[0mGET /map?subway_name=user1 [36m302[0m 0.465 ms - 56[0m
[0mGET /login [36m304[0m 1.366 ms - -[0m
[0mGET /favicon.ico [36m302[0m 0.403 ms - 28[0m
[0mGET /login [36m304[0m 1.393 ms - -[0m
[0mPOST /login [36m302[0m 106.899 ms - 46[0m
[0mGET / [36m302[0m 2.842 ms - 56[0m
[0mGET /user1 [36m304[0m 5.013 ms - -[0m
[0mGET /favicon.ico [32m200[0m 5.556 ms - 8496[0m
[0mGET /user2 [32m200[0m 5.456 ms - 8490[0m
[0mGET /favicon.ico [36m304[0m 5.360 ms - -[0m
[0mPOST /logout [36m302[0m 2.220 ms - 46[0m
[0mGET / [36m302[0m 0.372 ms - 56[0m
[0mGET /login [32m200[0m 1.449 ms - 3384[0m
[0mGET /favicon.ico [36m302[0m 0.376 ms - 28[0m
[0mGET /login [36m304[0m 2.481 ms - -[0m
[0mGET /register [32m200[0m 9.276 ms - 4295[0m
[0mGET /favicon.ico [36m302[0m 0.392 ms - 28[0m
[0mGET /login [36m304[0m 1.347 ms - -[0m
[0mPOST /register [36m302[0m 1.608 ms - 62[0m
[0mGET /register [32m200[0m 1.380 ms - 4420[0m
[0mGET /favicon.ico [36m302[0m 0.377 ms - 28[0m
[0mGET /login [36m304[0m 1.429 ms - -[0m
[0mPOST /register [36m302[0m 107.682 ms - 56[0m
[0mGET /login [32m200[0m 1.338 ms - 3302[0m
[0mGET /favicon.ico [36m302[0m 0.410 ms - 28[0m
[0mGET /login [32m200[0m 2.266 ms - 3384[0m
[0mPOST /login [36m302[0m 124.388 ms - 46[0m
[0mGET / [36m302[0m 2.124 ms - 56[0m
[0mGET /user3 [32m200[0m 6.091 ms - 8496[0m
[0mGET /favicon.ico [32m200[0m 4.990 ms - 8496[0m
[0mGET /map?subway_name=user2 [32m200[0m 6.123 ms - 8496[0m
[0mGET /favicon.ico [36m304[0m 15.248 ms - -[0m
[0mGET / [36m302[0m 0.495 ms - 28[0m
[0mGET / [36m302[0m 0.416 ms - 28[0m
[0mGET /login [32m200[0m 1.883 ms - 3302[0m
[0mGET /favicon.ico [36m302[0m 0.411 ms - 28[0m
[0mGET http://api.ipify.org/?format=json [36m302[0m 0.378 ms - 28[0m
[0mGET / [36m302[0m 0.510 ms - 28[0m
[0mGET / [36m302[0m 0.382 ms - 28[0m
[0mGET /login [32m200[0m 1.771 ms - 3302[0m
[0mGET /favicon.ico [36m302[0m 0.408 ms - 28[0m
[0mGET /login [32m200[0m 1.413 ms - 3302[0m
[0mGET /robots.txt [36m302[0m 0.387 ms - 28[0m
[0mGET /login [32m200[0m 1.327 ms - 3302[0m
[0mGET /sitemap.xml [36m302[0m 0.370 ms - 28[0m
[0mGET /login [32m200[0m 1.313 ms - 3302[0m
[0mGET / [36m302[0m 0.412 ms - 28[0m
[0mGET / [36m302[0m 0.428 ms - 28[0m
[0mGET / [36m302[0m 0.422 ms - 28[0m
[0mGET /login [32m200[0m 2.208 ms - 3302[0m
[0mGET /status.asp [36m302[0m 0.409 ms - 28[0m
[0mGET /login [32m200[0m 1.978 ms - 3302[0m
[0mGET /status.asp [36m302[0m 0.357 ms - 28[0m
[0mGET /login [32m200[0m 1.367 ms - 3302[0m
[0mGET /status.asp [36m302[0m 0.346 ms - 28[0m
[0mGET /login [32m200[0m 2.447 ms - 3302[0m
[0mGET /w/home.asp [33m404[0m 1.337 ms - 149[0m
[0mGET /index.htm [36m302[0m 0.396 ms - 28[0m
[0mGET /login [32m200[0m 1.339 ms - 3302[0m
[0mGET /index.htm [36m302[0m 0.326 ms - 28[0m
[0mGET /login [32m200[0m 1.354 ms - 3302[0m
[0mGET /frame.cmo [36m302[0m 1.461 ms - 28[0m
[0mGET /login [32m200[0m 1.341 ms - 3302[0m
[0mGET /title_bar.html [36m302[0m 0.384 ms - 28[0m
[0mHEAD http://112.124.42.80:63435/ [36m302[0m 0.417 ms - 56[0m
[0mGET http://112.124.42.80:63435/login [32m200[0m 1.390 ms - 3384[0m
[0mGET / [36m302[0m 0.376 ms - 28[0m
[0mGET /cgi-bin/authLogin.cgi [33m404[0m 0.608 ms - 160[0m
[0mGET / [36m302[0m 0.506 ms - 56[0m
[0mGET /favicon.ico [36m302[0m 0.453 ms - 56[0m
[0mGET /login [32m200[0m 1.861 ms - 3302[0m
[0mGET /login/sitemap.xml [33m404[0m 0.442 ms - 156[0m
[0mGET /login/robots.txt [33m404[0m 0.408 ms - 155[0m
[0mGET /login [32m200[0m 1.378 ms - 3302[0m
[0mGET /favicon.ico [36m302[0m 0.509 ms - 56[0m
[0mGET /login [32m200[0m 1.238 ms - 3302[0m
[0mGET /login/robots.txt [33m404[0m 0.933 ms - 155[0m
[0mGET /login/sitemap.xml [33m404[0m 1.018 ms - 156[0m
[0mGET / [36m302[0m 2.239 ms - 56[0m
[0mGET /favicon.ico [36m302[0m 0.444 ms - 56[0m
[0mGET /login [32m200[0m 2.238 ms - 3302[0m
[0mGET /robots.txt [36m302[0m 0.483 ms - 56[0m
[0mGET /login [32m200[0m 1.482 ms - 3302[0m
[0mGET /.well-known/security.txt [33m404[0m 1.346 ms - 163[0m
[0mGET / [36m302[0m 0.376 ms - 28[0m
[0mGET /login [32m200[0m 1.377 ms - 3302[0m
[0mGET / [36m302[0m 0.517 ms - 56[0m
[0mGET /login [32m200[0m 1.467 ms - 3302[0m
[0mPOST / [33m404[0m 0.356 ms - 140[0m
[0mPOST / [33m404[0m 0.445 ms - 140[0m
[0mGET / [36m302[0m 0.410 ms - 28[0m
[0mGET / [36m302[0m 0.347 ms - 28[0m
[0mGET /login [32m200[0m 1.397 ms - 3302[0m
[0mGET / [36m302[0m 0.438 ms - 28[0m
[0mGET / [36m302[0m 0.368 ms - 28[0m
[0mGET /login [32m200[0m 1.387 ms - 3302[0m
[0mGET /favicon.ico [36m302[0m 0.402 ms - 28[0m
[0mGET http://api.ipify.org/?format=json [36m302[0m 0.354 ms - 28[0m
[0mGET / [36m302[0m 0.410 ms - 28[0m
[0mGET / [36m302[0m 0.361 ms - 28[0m
[0mGET /login [32m200[0m 2.152 ms - 3302[0m
[0mGET / [36m302[0m 0.436 ms - 28[0m
[0mGET /login [32m200[0m 2.277 ms - 3384[0m
[0mGET /favicon.ico [36m302[0m 0.401 ms - 28[0m
[0mGET /login [32m200[0m 1.306 ms - 3384[0m
[0mGET / [36m302[0m 0.419 ms - 28[0m
[0mGET / [36m302[0m 0.413 ms - 56[0m
[0mGET /login [32m200[0m 2.128 ms - 3302[0m
[0mGET /favicon.ico [36m302[0m 0.435 ms - 56[0m
[0mGET /login [32m200[0m 1.340 ms - 3302[0m
[0mGET / [36m302[0m 3.714 ms - 28[0m
[0mGET http://13.209.155.211:8888/phpMyAdmin-2.10.0.2/scripts/setup.php [33m404[0m 22.498 ms - 176[0m
[0mGET http://13.209.155.211:8888/pma/scripts/setup.php [33m404[0m 26.188 ms - 160[0m
[0mGET http://13.209.155.211:8888/phpmyadmin/scripts/setup.php [33m404[0m 26.310 ms - 167[0m
[0mGET http://13.209.155.211:8888/admin/scripts/setup.php [33m404[0m 26.409 ms - 162[0m
[0mGET http://13.209.155.211:8888/PHPMYADMIN/scripts/setup.php [33m404[0m 26.498 ms - 167[0m
[0mGET http://13.209.155.211:8888/phpMyAdmin-2.11.1.2/scripts/setup.php [33m404[0m 27.973 ms - 176[0m
[0mGET http://13.209.155.211:8888/mysql-admin/scripts/setup.php [33m404[0m 28.092 ms - 168[0m
[0mGET http://13.209.155.211:8888/phpMyAdmin-2.5.5/scripts/setup.php [33m404[0m 28.181 ms - 173[0m
[0mGET http://13.209.155.211:8888/phpMyAdmin-2.11.7/scripts/setup.php [33m404[0m 28.290 ms - 174[0m
[0mGET http://13.209.155.211:8888/webdb/scripts/setup.php [33m404[0m 23.987 ms - 162[0m
[0mGET http://13.209.155.211:8888/myadmin/scripts/setup.php [33m404[0m 23.953 ms - 164[0m
[0mGET http://13.209.155.211:8888/dbadmin/scripts/setup.php [33m404[0m 24.007 ms - 164[0m
[0mGET http://13.209.155.211:8888/phpMyAdmin-2.10.3/scripts/setup.php [33m404[0m 23.752 ms - 174[0m
[0mGET http://13.209.155.211:8888/phpMyAdmin-2.11.9.2/scripts/setup.php [33m404[0m 19.936 ms - 176[0m
[0mGET http://13.209.155.211:8888/db/scripts/setup.php [33m404[0m 19.957 ms - 159[0m
[0mGET http://13.209.155.211:8888/phpMyAdmin-2.11.3/scripts/setup.php [33m404[0m 20.054 ms - 174[0m
[0mGET http://13.209.155.211:8888/mysqlmanager/scripts/setup.php [33m404[0m 18.691 ms - 169[0m
[0mGET http://13.209.155.211:8888/phpMyAdmin-2.11.4/scripts/setup.php [33m404[0m 18.746 ms - 174[0m
[0mGET http://13.209.155.211:8888/phpMyAdmin-2.5.4/scripts/setup.php [33m404[0m 18.797 ms - 173[0m
[0mGET http://13.209.155.211:8888/web/phpMyAdmin/scripts/setup.php [33m404[0m 18.882 ms - 171[0m
[0mGET http://13.209.155.211:8888/phpMyAdmin-2/scripts/setup.php [33m404[0m 18.958 ms - 169[0m
[0mGET http://13.209.155.211:8888/phpMyAdmin3/scripts/setup.php [33m404[0m 17.240 ms - 168[0m
[0mGET http://13.209.155.211:8888/phpMyAdmin-2.5.7-pl1/scripts/setup.php [33m404[0m 17.301 ms - 177[0m
[0mGET http://13.209.155.211:8888/websql/scripts/setup.php [33m404[0m 17.345 ms - 163[0m
[0mGET http://13.209.155.211:8888/php/scripts/setup.php [33m404[0m 15.415 ms - 160[0m
[0mGET http://13.209.155.211:8888/MyAdmin/scripts/setup.php [33m404[0m 15.427 ms - 164[0m
[0mGET http://13.209.155.211:8888/phpMyAdmin/scripts/setup.php [33m404[0m 15.521 ms - 167[0m
[0mGET http://13.209.155.211:8888/phpMyAdmin2/scripts/setup.php [33m404[0m 15.604 ms - 168[0m
[0mGET http://13.209.155.211:8888/php-myadmin/scripts/setup.php [33m404[0m 15.693 ms - 168[0m
[0mGET http://13.209.155.211:8888/SQL/scripts/setup.php [33m404[0m 15.765 ms - 160[0m
[0mGET http://13.209.155.211:8888/_phpMyAdmin/scripts/setup.php [33m404[0m 15.891 ms - 168[0m
[0mGET http://13.209.155.211:8888/webadmin/scripts/setup.php [33m404[0m 7.274 ms - 165[0m
[0mGET http://13.209.155.211:8888/phpMyAdmin-2.8.0.2/scripts/setup.php [33m404[0m 7.364 ms - 175[0m
[0mGET http://13.209.155.211:8888/sqlmanager/scripts/setup.php [33m404[0m 2.733 ms - 167[0m
[0mGET http://13.209.155.211:8888/admin/phpmyadmin/scripts/setup.txt [33m404[0m 2.824 ms - 173[0m
[0mGET http://13.209.155.211:8888/mysqladmin/scripts/setup.php [33m404[0m 2.912 ms - 167[0m
[0mGET http://13.209.155.211:8888/phpmy-admin/scripts/setup.php [33m404[0m 0.438 ms - 168[0m
[0mGET http://13.209.155.211:8888/phpMyAdmin-2.11.0/scripts/setup.php [33m404[0m 8.106 ms - 174[0m
[0mGET http://13.209.155.211:8888/admin/pma/scripts/setup.php [33m404[0m 0.836 ms - 166[0m
[0mGET http://13.209.155.211:8888/phpmanager/scripts/setup.php [33m404[0m 0.702 ms - 167[0m
[0mGET http://13.209.155.211:8888/phpMyAdmin-2.10.2/scripts/setup.php [33m404[0m 4.840 ms - 174[0m
[0mGET http://13.209.155.211:8888/sqlweb/scripts/setup.php [33m404[0m 1.898 ms - 163[0m
[0mGET http://13.209.155.211:8888/phpma/scripts/setup.php [33m404[0m 0.333 ms - 162[0m
[0mGET http://13.209.155.211:8888/phpMyAdmin-2.5.5-pl1/scripts/setup.php [33m404[0m 0.345 ms - 177[0m
[0mGET http://13.209.155.211:8888/mysql/scripts/setup.php [33m404[0m 0.338 ms - 162[0m
[0mGET / [36m302[0m 0.345 ms - 28[0m
[0mGET / [36m302[0m 0.380 ms - 28[0m
[0mPRI * [0m-[0m - ms - -[0m
[0mGET /login [32m200[0m 5.352 ms - 3302[0m
[0mPRI * [0m-[0m - ms - -[0m
[0mGET /favicon.ico [36m302[0m 0.347 ms - 28[0m
[0mGET /login [32m200[0m 1.366 ms - 3302[0m
[0mGET / [36m302[0m 0.356 ms - 28[0m
[0mGET /login [32m200[0m 1.364 ms - 3302[0m
[0mGET / [36m302[0m 0.394 ms - 28[0m
[0mGET / [36m302[0m 0.444 ms - 28[0m
[0mPRI * [0m-[0m - ms - -[0m
[0mGET /login [32m200[0m 1.313 ms - 3302[0m
[0mPRI * [0m-[0m - ms - -[0m
[0mGET /favicon.ico [36m302[0m 0.358 ms - 28[0m
[0mGET /login [32m200[0m 1.376 ms - 3302[0m
[0mGET / [36m302[0m 0.383 ms - 28[0m
[0mGET / [36m302[0m 0.379 ms - 28[0m
[0mGET / [36m302[0m 0.348 ms - 28[0m
[0mGET /login [32m200[0m 7.199 ms - 3302[0m
[0mGET /druid/index.html [33m404[0m 0.545 ms - 155[0m
[0mGET / [36m302[0m 0.406 ms - 28[0m
[0mGET / [36m302[0m 0.393 ms - 28[0m
[0mGET /login [32m200[0m 1.964 ms - 3302[0m
[0mGET /favicon.ico [36m302[0m 0.422 ms - 28[0m
[0mGET http://api.ipify.org/?format=json [36m302[0m 0.384 ms - 28[0m
[0mGET / [36m302[0m 0.394 ms - 28[0m
[0mGET / [36m302[0m 5.760 ms - 28[0m
[0mGET /login [32m200[0m 6.749 ms - 3302[0m
[0mGET / [36m302[0m 0.345 ms - 28[0m
[0mGET /login [32m200[0m 1.308 ms - 3302[0m
[0mGET / [36m302[0m 0.394 ms - 28[0m
[0mGET / [36m302[0m 0.376 ms - 28[0m
[0mPRI * [0m-[0m - ms - -[0m
[0mGET /login [32m200[0m 2.331 ms - 3302[0m
[0mPRI * [0m-[0m - ms - -[0m
[0mGET /favicon.ico [36m302[0m 0.403 ms - 28[0m
[0mGET /login [32m200[0m 1.339 ms - 3302[0m
[0mGET / [36m302[0m 0.387 ms - 28[0m
[0mGET / [36m302[0m 0.459 ms - 28[0m
[0mGET /login [32m200[0m 2.119 ms - 3302[0m
[0mGET / [36m302[0m 0.397 ms - 28[0m
[0mGET /login [32m200[0m 1.458 ms - 3302[0m
[0mGET / [36m302[0m 0.400 ms - 28[0m
[0mGET / [36m302[0m 0.355 ms - 28[0m
[0mGET /login [32m200[0m 1.379 ms - 3302[0m
[0mGET / [36m302[0m 0.408 ms - 28[0m
[0mGET /login [32m200[0m 3.043 ms - 3302[0m
[0mGET / [36m302[0m 0.414 ms - 28[0m
[0mGET / [36m302[0m 0.405 ms - 28[0m
[0mPRI * [0m-[0m - ms - -[0m
[0mGET /login [32m200[0m 1.339 ms - 3302[0m
[0mPRI * [0m-[0m - ms - -[0m
[0mGET /favicon.ico [36m302[0m 0.354 ms - 28[0m
[0mGET /login [32m200[0m 1.386 ms - 3302[0m
[0mGET / [36m302[0m 0.400 ms - 28[0m
[0mGET / [36m302[0m 1.149 ms - 28[0m
[0mGET /login [32m200[0m 1.466 ms - 3302[0m
[0mGET /favicon.ico [36m302[0m 0.412 ms - 28[0m
[0mGET http://api.ipify.org/?format=json [36m302[0m 0.342 ms - 28[0m
[0mGET / [36m302[0m 0.345 ms - 28[0m
[0mGET /login [32m200[0m 1.353 ms - 3302[0m
[0mGET / [36m302[0m 0.358 ms - 28[0m
[0mGET /login [32m200[0m 1.296 ms - 3302[0m
[0mGET / [36m302[0m 0.423 ms - 28[0m
[0mGET / [36m302[0m 0.386 ms - 28[0m
[0mGET / [36m302[0m 0.373 ms - 28[0m
[0mGET / [36m302[0m 0.361 ms - 28[0m
[0mGET / [36m302[0m 0.417 ms - 28[0m
[0mGET / [36m302[0m 0.349 ms - 28[0m
[0mGET / [36m302[0m 0.429 ms - 28[0m
[0mGET /login [32m200[0m 18.392 ms - 3302[0m
[0mGET / [36m302[0m 0.401 ms - 28[0m
[0mGET /login [32m200[0m 1.388 ms - 3302[0m
[0mGET / [36m302[0m 0.351 ms - 28[0m
[0mGET / [36m302[0m 0.377 ms - 28[0m
[0mPRI * [0m-[0m - ms - -[0m
[0mGET /login [32m200[0m 1.347 ms - 3302[0m
[0mPRI * [0m-[0m - ms - -[0m
[0mGET /favicon.ico [36m302[0m 0.350 ms - 28[0m
[0mGET /login [32m200[0m 1.450 ms - 3302[0m
[0mGET / [36m302[0m 0.426 ms - 28[0m
[0mGET / [36m302[0m 0.476 ms - 28[0m
[0mGET / [36m302[0m 0.376 ms - 28[0m
[0mGET /login [32m200[0m 18.198 ms - 3302[0m
[0mGET / [36m302[0m 0.445 ms - 28[0m
[0mGET / [36m302[0m 0.427 ms - 28[0m
[0mGET /login [32m200[0m 1.306 ms - 3302[0m
[0mGET /status.asp [36m302[0m 0.349 ms - 28[0m
[0mGET /login [32m200[0m 2.268 ms - 3302[0m
[0mGET /status.asp [36m302[0m 0.350 ms - 28[0m
[0mGET /login [32m200[0m 1.301 ms - 3302[0m
[0mGET /status.asp [36m302[0m 0.351 ms - 28[0m
[0mGET /login [32m200[0m 1.277 ms - 3302[0m
[0mGET /w/home.asp [33m404[0m 0.401 ms - 149[0m
[0mGET /index.htm [36m302[0m 3.305 ms - 28[0m
[0mGET /login [32m200[0m 1.328 ms - 3302[0m
[0mGET /index.htm [36m302[0m 0.350 ms - 28[0m
[0mGET /login [32m200[0m 1.215 ms - 3302[0m
[0mGET /frame.cmo [36m302[0m 0.341 ms - 28[0m
[0mGET /login [32m200[0m 2.316 ms - 3302[0m
[0mGET /title_bar.html [36m302[0m 0.356 ms - 28[0m
[0mGET / [36m302[0m 0.452 ms - 28[0m
[0mGET / [36m302[0m 0.331 ms - 28[0m
[0mGET /login [32m200[0m 1.322 ms - 3302[0m
[0mGET / [36m302[0m 0.382 ms - 28[0m
[0mGET / [36m302[0m 0.405 ms - 28[0m
[0mGET /admin/ [36m302[0m 0.482 ms - 28[0m
[0mGET / [36m302[0m 0.431 ms - 28[0m
[0mGET /login [32m200[0m 2.306 ms - 3302[0m
[0mGET / [36m302[0m 0.422 ms - 28[0m
[0mGET /login [32m200[0m 3.235 ms - 3302[0m
[0mGET / [36m302[0m 0.382 ms - 28[0m
[0mGET / [36m302[0m 0.374 ms - 28[0m
[0mGET /login [32m200[0m 2.179 ms - 3302[0m
[0mGET /aaa9 [36m302[0m 0.383 ms - 28[0m
[0mGET /aab8 [36m302[0m 0.362 ms - 28[0m
[0mGET / [36m302[0m 0.410 ms - 28[0m
[0mGET / [36m302[0m 0.341 ms - 28[0m
[0mGET /login [32m200[0m 1.438 ms - 3302[0m
[0mGET /druid/index.html [33m404[0m 0.441 ms - 155[0m
[0mGET / [36m302[0m 0.435 ms - 28[0m
[0mGET / [36m302[0m 2.486 ms - 28[0m
[0mGET / [36m302[0m 2.596 ms - 28[0m
[0mPRI * [0m-[0m - ms - -[0m
[0mGET /login [32m200[0m 9.214 ms - 3302[0m
[0mPRI * [0m-[0m - ms - -[0m
[0mGET /favicon.ico [36m302[0m 0.354 ms - 28[0m
[0mGET /login [32m200[0m 1.342 ms - 3302[0m
[0mGET / [36m302[0m 1.552 ms - 28[0m
[0mGET /login [32m200[0m 2.098 ms - 3302[0m
[0mGET / [36m302[0m 0.389 ms - 28[0m
[0mGET / [36m302[0m 0.343 ms - 28[0m
[0mGET /login [32m200[0m 1.269 ms - 3302[0m
[0mGET /favicon.ico [36m302[0m 0.328 ms - 28[0m
[0mGET /login [32m200[0m 2.234 ms - 3302[0m
[0mGET / [36m302[0m 0.435 ms - 28[0m
[0mGET / [36m302[0m 0.362 ms - 28[0m
[0mGET / [36m302[0m 0.346 ms - 28[0m
[0mPRI * [0m-[0m - ms - -[0m
[0mGET /login [32m200[0m 1.336 ms - 3302[0m
[0mPRI * [0m-[0m - ms - -[0m
[0mGET /favicon.ico [36m302[0m 0.419 ms - 28[0m
[0mGET /login [32m200[0m 1.299 ms - 3302[0m
[0mGET / [36m302[0m 0.355 ms - 28[0m
[0mGET /login [32m200[0m 1.422 ms - 3302[0m
[0mGET / [36m302[0m 0.401 ms - 28[0m
[0mGET / [36m302[0m 0.382 ms - 28[0m
[0mGET / [36m302[0m 0.523 ms - 28[0m
[0mGET / [36m302[0m 0.414 ms - 28[0m
[0mGET /login [32m200[0m 13.009 ms - 3302[0m
[0mGET /favicon.ico [36m302[0m 0.409 ms - 28[0m
[0mGET http://api.ipify.org/?format=json [36m302[0m 0.373 ms - 28[0m
[0mGET / [36m302[0m 0.382 ms - 28[0m
[0mGET / [36m302[0m 0.428 ms - 28[0m
[0mGET / [36m302[0m 0.360 ms - 28[0m
[0mGET /login [32m200[0m 2.290 ms - 3302[0m
[0mGET / [36m302[0m 0.385 ms - 28[0m
[0mGET /login [32m200[0m 1.458 ms - 3302[0m
[0mGET / [36m302[0m 6.555 ms - 28[0m
[0mGET / [36m302[0m 0.383 ms - 28[0m
[0mPRI * [0m-[0m - ms - -[0m
[0mGET /login [32m200[0m 8.746 ms - 3302[0m
[0mPRI * [0m-[0m - ms - -[0m
[0mGET /favicon.ico [36m302[0m 0.392 ms - 28[0m
[0mGET /login [32m200[0m 1.322 ms - 3302[0m
[0mGET / [36m302[0m 0.405 ms - 28[0m
[0mGET / [36m302[0m 0.355 ms - 28[0m
[0mGET /login [32m200[0m 1.258 ms - 3302[0m
[0mGET / [36m302[0m 0.347 ms - 28[0m
[0mGET /login [32m200[0m 1.383 ms - 3302[0m
[0mGET / [36m302[0m 0.390 ms - 28[0m
[0mGET / [36m302[0m 0.420 ms - 28[0m
[0mGET / [36m302[0m 1.869 ms - 56[0m
[0mGET /login [32m200[0m 3.429 ms - 3302[0m
[0mGET / [36m302[0m 0.339 ms - 28[0m
[0mGET /login [32m200[0m 2.369 ms - 3302[0m
[0mGET / [36m302[0m 0.440 ms - 28[0m
[0mGET /login [32m200[0m 1.458 ms - 3384[0m
[0mGET / [36m302[0m 0.394 ms - 28[0m
[0mGET / [36m302[0m 0.385 ms - 28[0m
[0mGET /login [32m200[0m 1.318 ms - 3302[0m
[0mGET /favicon.ico [36m302[0m 0.424 ms - 28[0m
[0mGET http://api.ipify.org/?format=json [36m302[0m 0.381 ms - 28[0m
[0mGET / [36m302[0m 0.350 ms - 28[0m
[0mGET / [36m302[0m 0.392 ms - 28[0m
[0mPRI * [0m-[0m - ms - -[0m
[0mGET /login [32m200[0m 1.414 ms - 3302[0m
[0mPRI * [0m-[0m - ms - -[0m
[0mGET /favicon.ico [36m302[0m 0.367 ms - 28[0m
[0mGET /login [32m200[0m 1.474 ms - 3302[0m
[0mGET / [36m302[0m 0.414 ms - 28[0m
[0mGET / [36m302[0m 0.404 ms - 28[0m
[0mGET /login [32m200[0m 2.268 ms - 3302[0m
[0mGET /status.asp [36m302[0m 0.480 ms - 28[0m
[0mGET /login [32m200[0m 1.406 ms - 3302[0m
[0mGET /status.asp [36m302[0m 0.408 ms - 28[0m
[0mGET /login [32m200[0m 1.449 ms - 3302[0m
[0mGET /status.asp [36m302[0m 0.402 ms - 28[0m
[0mGET /login [32m200[0m 3.958 ms - 3302[0m
[0mGET /w/home.asp [33m404[0m 0.438 ms - 149[0m
[0mGET /index.htm [36m302[0m 0.405 ms - 28[0m
[0mGET /login [32m200[0m 1.369 ms - 3302[0m
[0mGET /index.htm [36m302[0m 0.400 ms - 28[0m
[0mGET /login [32m200[0m 1.397 ms - 3302[0m
[0mGET /frame.cmo [36m302[0m 0.395 ms - 28[0m
[0mGET /login [32m200[0m 1.316 ms - 3302[0m
[0mGET /title_bar.html [36m302[0m 0.367 ms - 28[0m
[0mGET / [36m302[0m 0.437 ms - 28[0m
[0mGET / [36m302[0m 0.388 ms - 28[0m
[0mGET / [36m302[0m 0.360 ms - 28[0m
[0mGET /login [32m200[0m 1.336 ms - 3302[0m
[0mGET / [36m302[0m 0.393 ms - 28[0m
[0mGET / [36m302[0m 0.344 ms - 28[0m
[0mGET /login [32m200[0m 1.310 ms - 3302[0m
[0mGET http://eth0.me?Z73270481320Q1 [36m302[0m 0.336 ms - 28[0m
[0mGET / [36m302[0m 0.535 ms - 28[0m
[0mGET / [36m302[0m 0.420 ms - 28[0m
[0mGET / [36m302[0m 0.347 ms - 28[0m
[0mGET /login [32m200[0m 11.320 ms - 3302[0m
[0mGET / [36m302[0m 0.407 ms - 28[0m
[0mGET / [36m302[0m 2.955 ms - 28[0m
[0mGET /login [32m200[0m 5.603 ms - 3302[0m
[0mGET / [36m302[0m 0.422 ms - 28[0m
[0mGET / [36m302[0m 0.402 ms - 28[0m
[0mGET /login [32m200[0m 2.340 ms - 3302[0m
[0mGET /favicon.ico [36m302[0m 0.402 ms - 28[0m
[0mGET http://api.ipify.org/?format=json [36m302[0m 0.350 ms - 28[0m
[0mGET /druid/index.html [33m404[0m 0.513 ms - 155[0m
[0mGET / [36m302[0m 0.426 ms - 28[0m
[0mGET / [36m302[0m 1.094 ms - 28[0m
[0mGET /login [32m200[0m 1.340 ms - 3302[0m
[0mGET /admin/ [36m302[0m 0.468 ms - 28[0m
[0mGET / [36m302[0m 0.399 ms - 28[0m
[0mGET /login [32m200[0m 1.334 ms - 3302[0m
[0mGET / [36m302[0m 0.445 ms - 28[0m
[0mPRI * [0m-[0m - ms - -[0m
[0mGET /login [32m200[0m 2.094 ms - 3302[0m
[0mPRI * [0m-[0m - ms - -[0m
[0mGET /favicon.ico [36m302[0m 0.392 ms - 28[0m
[0mGET /login [32m200[0m 1.398 ms - 3302[0m
[0mGET / [36m302[0m 0.367 ms - 28[0m
[0mGET /login [32m200[0m 1.401 ms - 3302[0m
[0mGET / [36m302[0m 0.401 ms - 28[0m
[0mGET / [36m302[0m 0.333 ms - 28[0m
[0mGET /login [32m200[0m 1.501 ms - 3302[0m
[0mGET / [36m302[0m 0.376 ms - 28[0m
[0mGET /login [32m200[0m 1.399 ms - 3302[0m
[0mGET / [36m302[0m 0.379 ms - 28[0m
[0mGET / [36m302[0m 0.332 ms - 28[0m
[0mGET /login [32m200[0m 1.514 ms - 3302[0m
[0mGET / [36m302[0m 0.434 ms - 28[0m
[0mGET / [36m302[0m 0.452 ms - 28[0m
[0mGET / [36m302[0m 0.484 ms - 28[0m
[0mGET /login [32m200[0m 2.141 ms - 3302[0m
[0mGET /favicon.ico [36m302[0m 0.471 ms - 28[0m
[0mGET http://api.ipify.org/?format=json [36m302[0m 0.334 ms - 28[0m
[0mGET / [36m302[0m 4.776 ms - 28[0m
[0mGET / [36m302[0m 0.465 ms - 28[0m
[0mPRI * [0m-[0m - ms - -[0m
[0mGET /login [32m200[0m 6.093 ms - 3302[0m
[0mGET /favicon.ico [36m302[0m 0.373 ms - 28[0m
[0mGET /login [32m200[0m 1.316 ms - 3302[0m
[0mGET / [36m302[0m 0.428 ms - 28[0m
[0mGET /aaa9 [36m302[0m 0.411 ms - 28[0m
[0mGET /aab8 [36m302[0m 0.419 ms - 28[0m
[0mGET / [36m302[0m 0.433 ms - 28[0m
[0mGET / [36m302[0m 0.430 ms - 28[0m
[0mGET / [36m302[0m 0.367 ms - 28[0m
[0mGET / [36m302[0m 0.380 ms - 28[0m
[0mPRI * [0m-[0m - ms - -[0m
[0mGET /login [32m200[0m 2.536 ms - 3302[0m
[0mPRI * [0m-[0m - ms - -[0m
[0mGET /favicon.ico [36m302[0m 0.345 ms - 28[0m
[0mGET /login [32m200[0m 1.274 ms - 3302[0m
[0mGET / [36m302[0m 0.395 ms - 28[0m
[0mGET /login [32m200[0m 1.317 ms - 3302[0m
[0mGET / [36m302[0m 0.499 ms - 28[0m
[0mGET /login [32m200[0m 14.826 ms - 3302[0m
[0mGET / [36m302[0m 0.433 ms - 28[0m
[0mGET / [36m302[0m 0.353 ms - 28[0m
[0mGET / [36m302[0m 0.402 ms - 28[0m
[0mGET / [36m302[0m 0.347 ms - 28[0m
[0mGET /login [32m200[0m 1.365 ms - 3302[0m
[0mGET / [36m302[0m 8.425 ms - 28[0m
[0mGET / [36m302[0m 0.438 ms - 28[0m
[0mGET /login [32m200[0m 4.651 ms - 3302[0m
[0mGET /favicon.ico [36m302[0m 0.410 ms - 28[0m
[0mGET http://api.ipify.org/?format=json [36m302[0m 0.355 ms - 28[0m
[0mGET / [36m302[0m 0.353 ms - 28[0m
[0mGET /login [32m200[0m 1.276 ms - 3302[0m
[0mGET / [36m302[0m 0.402 ms - 28[0m
[0mGET / [36m302[0m 0.340 ms - 28[0m
[0mGET / [36m302[0m 0.367 ms - 28[0m
[0mPRI * [0m-[0m - ms - -[0m
[0mGET /login [32m200[0m 1.311 ms - 3302[0m
[0mPRI * [0m-[0m - ms - -[0m
[0mGET /favicon.ico [36m302[0m 0.395 ms - 28[0m
[0mGET /login [32m200[0m 1.371 ms - 3302[0m
[0mGET / [36m302[0m 0.373 ms - 28[0m
[0mGET / [36m302[0m 0.441 ms - 28[0m
[0mGET / [36m302[0m 0.386 ms - 28[0m
[0mGET / [36m302[0m 0.394 ms - 28[0m
[0mGET /login [32m200[0m 1.373 ms - 3302[0m
[0mGET /status.asp [36m302[0m 0.363 ms - 28[0m
[0mGET /login [32m200[0m 1.482 ms - 3302[0m
[0mGET /status.asp [36m302[0m 0.366 ms - 28[0m
[0mGET /login [32m200[0m 1.401 ms - 3302[0m
[0mGET /status.asp [36m302[0m 0.371 ms - 28[0m
[0mGET /login [32m200[0m 1.380 ms - 3302[0m
[0mGET /w/home.asp [33m404[0m 0.431 ms - 149[0m
[0mGET /index.htm [36m302[0m 0.434 ms - 28[0m
[0mGET /login [32m200[0m 3.444 ms - 3302[0m
[0mGET /index.htm [36m302[0m 0.375 ms - 28[0m
[0mGET /login [32m200[0m 1.268 ms - 3302[0m
[0mGET /frame.cmo [36m302[0m 0.364 ms - 28[0m
[0mGET /login [32m200[0m 11.643 ms - 3302[0m
[0mGET /title_bar.html [36m302[0m 0.355 ms - 28[0m
[0mGET / [36m302[0m 1.680 ms - 28[0m
[0mGET /login [32m200[0m 4.211 ms - 3302[0m
[0mGET / [36m302[0m 0.361 ms - 28[0m
[0mGET /login [32m200[0m 1.356 ms - 3302[0m
[0mGET / [36m302[0m 1.864 ms - 28[0m
[0mGET / [36m302[0m 0.452 ms - 28[0m
[0mGET /login [32m200[0m 1.313 ms - 3302[0m
[0mGET /favicon.ico [36m302[0m 0.437 ms - 28[0m
[0mGET http://api.ipify.org/?format=json [36m302[0m 0.368 ms - 28[0m
[0mGET / [36m302[0m 0.392 ms - 28[0m
[0mGET /login [32m200[0m 1.427 ms - 3302[0m
[0mGET http://check.best-proxies.ru/ip.php?Z73270481320Q1 [36m302[0m 1.486 ms - 28[0m
[0mGET / [36m302[0m 0.425 ms - 56[0m
[0mGET /login [32m200[0m 8.437 ms - 3302[0m
[0mGET /favicon.ico [36m302[0m 0.398 ms - 28[0m
[0mGET /login [32m200[0m 1.333 ms - 3384[0m
[0mGET /druid/index.html [33m404[0m 0.397 ms - 155[0m
[0mGET / [36m302[0m 0.387 ms - 28[0m
[0mGET / [36m302[0m 0.384 ms - 28[0m
[0mGET /login [32m200[0m 2.055 ms - 3302[0m
[0mGET / [36m302[0m 0.379 ms - 28[0m
[0mGET / [36m302[0m 0.427 ms - 28[0m
[0mGET / [36m302[0m 0.378 ms - 28[0m
[0mGET /login [32m200[0m 1.263 ms - 3302[0m
[0mGET / [36m302[0m 0.375 ms - 28[0m
[0mGET /aaa9 [36m302[0m 0.419 ms - 28[0m
[0mGET /aab8 [36m302[0m 0.427 ms - 28[0m
[0mGET / [36m302[0m 0.392 ms - 28[0m
[0mGET / [36m302[0m 0.487 ms - 28[0m
[0mGET /login [32m200[0m 13.411 ms - 3302[0m
[0mGET / [36m302[0m 0.363 ms - 28[0m
[0mGET /login [32m200[0m 2.308 ms - 3302[0m
[0mGET / [36m302[0m 0.426 ms - 28[0m
[0mGET / [36m302[0m 3.468 ms - 28[0m
[0mGET /login [32m200[0m 4.207 ms - 3302[0m
[0mGET / [36m302[0m 0.397 ms - 28[0m
[0mGET / [36m302[0m 0.437 ms - 28[0m
[0mGET /login [32m200[0m 1.371 ms - 3302[0m
[0mGET /favicon.ico [36m302[0m 0.407 ms - 28[0m
[0mGET http://api.ipify.org/?format=json [36m302[0m 0.406 ms - 28[0m
[0mGET http://13.209.155.211:8888/phpMyAdmin-2.5.7-pl1/scripts/setup.php [33m404[0m 2.560 ms - 177[0m
[0mGET http://13.209.155.211:8888/phpMyAdmin-2.11.4/scripts/setup.php [33m404[0m 3.547 ms - 174[0m
[0mGET http://13.209.155.211:8888/phpMyAdmin/scripts/setup.php [33m404[0m 3.212 ms - 167[0m
[0mGET http://13.209.155.211:8888/webadmin/scripts/setup.php [33m404[0m 75.906 ms - 165[0m
[0mGET http://13.209.155.211:8888/sqlweb/scripts/setup.php [33m404[0m 75.995 ms - 163[0m
[0mGET http://13.209.155.211:8888/db/scripts/setup.php [33m404[0m 76.051 ms - 159[0m
[0mGET http://13.209.155.211:8888/phpMyAdmin-2.5.5/scripts/setup.php [33m404[0m 71.424 ms - 173[0m
[0mGET http://13.209.155.211:8888/myadmin/scripts/setup.php [33m404[0m 61.192 ms - 164[0m
[0mGET http://13.209.155.211:8888/phpmy-admin/scripts/setup.php [33m404[0m 27.130 ms - 168[0m
[0mGET http://13.209.155.211:8888/_phpMyAdmin/scripts/setup.php [33m404[0m 26.970 ms - 168[0m
[0mGET http://13.209.155.211:8888/phpMyAdmin3/scripts/setup.php [33m404[0m 27.013 ms - 168[0m
[0mGET http://13.209.155.211:8888/phpMyAdmin2/scripts/setup.php [33m404[0m 28.647 ms - 168[0m
[0mGET http://13.209.155.211:8888/phpMyAdmin-2.11.0/scripts/setup.php [33m404[0m 28.766 ms - 174[0m
[0mGET http://13.209.155.211:8888/php-myadmin/scripts/setup.php [33m404[0m 28.829 ms - 168[0m
[0mGET http://13.209.155.211:8888/websql/scripts/setup.php [33m404[0m 28.929 ms - 163[0m
[0mGET http://13.209.155.211:8888/php/scripts/setup.php [33m404[0m 29.037 ms - 160[0m
[0mGET http://13.209.155.211:8888/dbadmin/scripts/setup.php [33m404[0m 29.152 ms - 164[0m
[0mGET http://13.209.155.211:8888/admin/phpmyadmin/scripts/setup.txt [33m404[0m 33.310 ms - 173[0m
[0mGET http://13.209.155.211:8888/PHPMYADMIN/scripts/setup.php [33m404[0m 28.468 ms - 167[0m
[0mGET http://13.209.155.211:8888/phpMyAdmin-2.11.3/scripts/setup.php [33m404[0m 28.539 ms - 174[0m
[0mGET http://13.209.155.211:8888/mysql-admin/scripts/setup.php [33m404[0m 28.675 ms - 168[0m
[0mGET http://13.209.155.211:8888/phpMyAdmin-2.10.3/scripts/setup.php [33m404[0m 28.790 ms - 174[0m
[0mGET http://13.209.155.211:8888/phpMyAdmin-2.10.2/scripts/setup.php [33m404[0m 28.847 ms - 174[0m
[0mGET http://13.209.155.211:8888/phpMyAdmin-2.8.0.2/scripts/setup.php [33m404[0m 32.648 ms - 175[0m
[0mGET http://13.209.155.211:8888/web/phpMyAdmin/scripts/setup.php [33m404[0m 19.816 ms - 171[0m
[0mGET http://13.209.155.211:8888/pma/scripts/setup.php [33m404[0m 7.547 ms - 160[0m
[0mGET http://13.209.155.211:8888/admin/pma/scripts/setup.php [33m404[0m 2.642 ms - 166[0m
[0mGET http://13.209.155.211:8888/mysqladmin/scripts/setup.php [33m404[0m 2.589 ms - 167[0m
[0mGET http://13.209.155.211:8888/SQL/scripts/setup.php [33m404[0m 2.660 ms - 160[0m
[0mGET http://13.209.155.211:8888/MyAdmin/scripts/setup.php [33m404[0m 0.413 ms - 164[0m
[0mGET http://13.209.155.211:8888/phpmyadmin/scripts/setup.php [33m404[0m 0.496 ms - 167[0m
[0mGET http://13.209.155.211:8888/mysqlmanager/scripts/setup.php [33m404[0m 0.380 ms - 169[0m
[0mGET http://13.209.155.211:8888/webdb/scripts/setup.php [33m404[0m 0.735 ms - 162[0m
[0mGET http://13.209.155.211:8888/phpMyAdmin-2.10.0.2/scripts/setup.php [33m404[0m 0.528 ms - 176[0m
[0mGET http://13.209.155.211:8888/phpMyAdmin-2.11.9.2/scripts/setup.php [33m404[0m 0.363 ms - 176[0m
[0mGET http://13.209.155.211:8888/phpmanager/scripts/setup.php [33m404[0m 0.416 ms - 167[0m
[0mGET http://13.209.155.211:8888/phpMyAdmin-2/scripts/setup.php [33m404[0m 0.364 ms - 169[0m
[0mGET http://13.209.155.211:8888/phpMyAdmin-2.5.5-pl1/scripts/setup.php [33m404[0m 2.151 ms - 177[0m
[0mGET http://13.209.155.211:8888/phpma/scripts/setup.php [33m404[0m 2.140 ms - 162[0m
[0mGET http://13.209.155.211:8888/admin/scripts/setup.php [33m404[0m 2.231 ms - 162[0m
[0mGET http://13.209.155.211:8888/phpMyAdmin-2.11.7/scripts/setup.php [33m404[0m 2.326 ms - 174[0m
[0mGET http://13.209.155.211:8888/mysql/scripts/setup.php [33m404[0m 2.455 ms - 162[0m
[0mGET http://13.209.155.211:8888/phpMyAdmin-2.5.4/scripts/setup.php [33m404[0m 1.225 ms - 173[0m
[0mGET http://13.209.155.211:8888/sqlmanager/scripts/setup.php [33m404[0m 1.313 ms - 167[0m
[0mGET http://13.209.155.211:8888/phpMyAdmin-2.11.1.2/scripts/setup.php [33m404[0m 0.669 ms - 176[0m
[0mGET / [36m302[0m 0.353 ms - 28[0m
[0mGET / [36m302[0m 0.404 ms - 28[0m
[0mPRI * [0m-[0m - ms - -[0m
[0mGET /login [32m200[0m 1.366 ms - 3302[0m
[0mPRI * [0m-[0m - ms - -[0m
[0mGET /favicon.ico [36m302[0m 0.345 ms - 28[0m
[0mGET /login [32m200[0m 1.366 ms - 3302[0m
[0mGET / [36m302[0m 0.382 ms - 28[0m
[0mGET /login [32m200[0m 1.429 ms - 3302[0m
[0mGET /favicon.ico [36m302[0m 0.389 ms - 28[0m
[0mGET /login [32m200[0m 1.268 ms - 3302[0m
[0mGET / [36m302[0m 0.428 ms - 28[0m
[0mGET /aaa9 [36m302[0m 0.396 ms - 28[0m
[0mGET /aab8 [36m302[0m 0.433 ms - 28[0m
[0mGET / [36m302[0m 0.407 ms - 28[0m
[0mGET / [36m302[0m 0.399 ms - 28[0m
[0mGET / [36m302[0m 0.358 ms - 28[0m
[0mGET /login [32m200[0m 1.485 ms - 3302[0m
[0mGET / [36m302[0m 0.378 ms - 28[0m
[0mGET / [36m302[0m 0.404 ms - 28[0m
[0mGET / [36m302[0m 0.326 ms - 28[0m
[0mGET / [36m302[0m 0.443 ms - 28[0m
[0mPRI * [0m-[0m - ms - -[0m
[0mGET /login [32m200[0m 1.337 ms - 3302[0m
[0mPRI * [0m-[0m - ms - -[0m
[0mGET /favicon.ico [36m302[0m 0.346 ms - 28[0m
[0mGET /login [32m200[0m 1.565 ms - 3302[0m
[0mGET / [36m302[0m 0.341 ms - 28[0m
[0mGET /login [32m200[0m 2.089 ms - 3302[0m
[0mGET / [36m302[0m 0.336 ms - 28[0m
[0mGET /login [32m200[0m 2.217 ms - 3302[0m
[0mGET / [36m302[0m 9.071 ms - 28[0m
[0mGET / [36m302[0m 0.510 ms - 28[0m
[0mGET /login [32m200[0m 4.765 ms - 3302[0m
[0mGET /favicon.ico [36m302[0m 0.389 ms - 28[0m
[0mGET http://api.ipify.org/?format=json [36m302[0m 0.358 ms - 28[0m
[0mPOST /login [36m302[0m 38.361 ms - 28[0m
[0mGET /login [32m200[0m 1.373 ms - 3409[0m
[0mGET /aaa9 [36m302[0m 0.473 ms - 28[0m
[0mGET /aab8 [36m302[0m 0.400 ms - 28[0m
[0mGET / [36m302[0m 0.423 ms - 28[0m
[0mGET / [36m302[0m 0.555 ms - 28[0m
[0mGET / [36m302[0m 0.374 ms - 28[0m
[0mGET / [36m302[0m 0.384 ms - 28[0m
[0mGET /login [32m200[0m 4.929 ms - 3302[0m
[0mGET / [36m302[0m 0.409 ms - 28[0m
[0mGET / [36m302[0m 0.384 ms - 28[0m
[0mGET / [36m302[0m 0.345 ms - 28[0m
[0mGET / [36m302[0m 0.405 ms - 28[0m
[0mGET / [36m302[0m 0.356 ms - 28[0m
[0mGET / [36m302[0m 0.419 ms - 28[0m
[0mGET / [36m302[0m 5.607 ms - 28[0m
[0mGET / [36m302[0m 0.382 ms - 28[0m
[0mGET /login [32m200[0m 12.627 ms - 3302[0m
[0mGET /favicon.ico [36m302[0m 0.396 ms - 28[0m
[0mGET http://api.ipify.org/?format=json [36m302[0m 0.342 ms - 28[0m
[0mGET / [36m302[0m 0.343 ms - 28[0m
[0mGET /login [32m200[0m 1.297 ms - 3302[0m
[0mGET /favicon.ico [36m302[0m 0.363 ms - 28[0m
[0mGET /login [32m200[0m 1.406 ms - 3302[0m
[0mGET /robots.txt [36m302[0m 0.402 ms - 28[0m
[0mGET /login [32m200[0m 1.515 ms - 3302[0m
[0mGET /sitemap.xml [36m302[0m 0.357 ms - 28[0m
[0mGET /login [32m200[0m 1.285 ms - 3302[0m
[0mGET / [36m302[0m 0.343 ms - 28[0m
[0mGET /login [32m200[0m 1.327 ms - 3302[0m
[0mGET / [36m302[0m 0.338 ms - 28[0m
[0mGET / [36m302[0m 0.372 ms - 28[0m
[0mGET /login [32m200[0m 1.248 ms - 3302[0m
[0mGET /druid/index.html [33m404[0m 0.438 ms - 155[0m
[0mGET / [36m302[0m 1.231 ms - 28[0m
[0mGET / [36m302[0m 0.386 ms - 28[0m
[0mGET /login [32m200[0m 2.216 ms - 3302[0m
[0mGET /status.asp [36m302[0m 0.346 ms - 28[0m
[0mGET /login [32m200[0m 1.340 ms - 3302[0m
[0mGET /status.asp [36m302[0m 0.343 ms - 28[0m
[0mGET /login [32m200[0m 9.699 ms - 3302[0m
[0mGET /status.asp [36m302[0m 0.349 ms - 28[0m
[0mGET /login [32m200[0m 3.989 ms - 3302[0m
[0mGET /w/home.asp [33m404[0m 0.407 ms - 149[0m
[0mGET /index.htm [36m302[0m 0.396 ms - 28[0m
[0mGET /login [32m200[0m 1.340 ms - 3302[0m
[0mGET /index.htm [36m302[0m 0.343 ms - 28[0m
[0mGET /login [32m200[0m 1.417 ms - 3302[0m
[0mGET /frame.cmo [36m302[0m 0.359 ms - 28[0m
[0mGET /login [32m200[0m 1.398 ms - 3302[0m
[0mGET /title_bar.html [36m302[0m 0.383 ms - 28[0m
[0mGET / [36m302[0m 0.452 ms - 28[0m
[0mGET / [36m302[0m 0.382 ms - 28[0m
[0mGET / [36m302[0m 0.317 ms - 28[0m
[0mGET /login [32m200[0m 1.327 ms - 3302[0m
[0mGET / [36m302[0m 0.445 ms - 28[0m
[0mGET / [36m302[0m 0.386 ms - 28[0m
[0mGET / [36m302[0m 1.125 ms - 28[0m
[0mGET /login [32m200[0m 1.339 ms - 3302[0m
[0mGET / [36m302[0m 0.403 ms - 28[0m
[0mPRI * [0m-[0m - ms - -[0m
[0mGET /login [32m200[0m 1.450 ms - 3302[0m
[0mPRI * [0m-[0m - ms - -[0m
[0mGET /favicon.ico [36m302[0m 0.421 ms - 28[0m
[0mGET /login [32m200[0m 2.295 ms - 3302[0m
[0mGET / [36m302[0m 0.326 ms - 28[0m
[0mGET /login [32m200[0m 1.327 ms - 3302[0m
[0mGET / [36m302[0m 2.865 ms - 28[0m
[0mGET / [36m302[0m 0.377 ms - 28[0m
[0mPRI * [0m-[0m - ms - -[0m
[0mGET /login [32m200[0m 1.471 ms - 3302[0m
[0mPRI * [0m-[0m - ms - -[0m
[0mGET /favicon.ico [36m302[0m 0.322 ms - 28[0m
[0mGET /login [32m200[0m 1.351 ms - 3302[0m
[0mGET / [36m302[0m 0.431 ms - 28[0m
[0mGET / [36m302[0m 10.327 ms - 28[0m
[0mGET / [36m302[0m 0.432 ms - 28[0m
[0mPRI * [0m-[0m - ms - -[0m
[0mGET /login [32m200[0m 4.378 ms - 3302[0m
[0mPRI * [0m-[0m - ms - -[0m
[0mGET /favicon.ico [36m302[0m 0.374 ms - 28[0m
[0mGET /login [32m200[0m 1.388 ms - 3302[0m
[0mGET / [36m302[0m 5.254 ms - 28[0m
[0mGET / [36m302[0m 0.375 ms - 28[0m
[0mGET /login [32m200[0m 1.313 ms - 3302[0m
[0mGET /favicon.ico [36m302[0m 0.399 ms - 28[0m
[0mGET http://api.ipify.org/?format=json [36m302[0m 0.332 ms - 28[0m
[0mGET / [36m302[0m 0.573 ms - 28[0m
[0mGET / [36m302[0m 1.276 ms - 28[0m
[0mPRI * [0m-[0m - ms - -[0m
[0mGET /login [32m200[0m 75.224 ms - 3302[0m
[0mPRI * [0m-[0m - ms - -[0m
[0mGET /favicon.ico [36m302[0m 0.375 ms - 28[0m
[0mGET /login [32m200[0m 2.351 ms - 3302[0m
[0mGET / [36m302[0m 0.421 ms - 28[0m
[0mGET / [36m302[0m 0.415 ms - 28[0m
[0mGET / [36m302[0m 0.375 ms - 28[0m
[0mGET /login [32m200[0m 6.719 ms - 3302[0m
[0mGET / [36m302[0m 0.390 ms - 28[0m
[0mGET / [36m302[0m 0.345 ms - 28[0m
[0mGET /login [32m200[0m 2.087 ms - 3302[0m
[0mGET / [36m302[0m 0.464 ms - 56[0m
[0mGET /login [32m200[0m 1.416 ms - 3384[0m
[0mGET /sitemap.xml [36m302[0m 0.369 ms - 28[0m
[0mGET /robots.txt [36m302[0m 0.366 ms - 28[0m
[0mGET /login [32m200[0m 1.381 ms - 3302[0m
[0mGET /login [32m200[0m 1.197 ms - 3302[0m
[0mGET / [36m302[0m 0.416 ms - 28[0m
[0mGET / [36m302[0m 0.423 ms - 28[0m
[0mGET / [36m302[0m 0.388 ms - 28[0m
[0mGET / [36m302[0m 0.398 ms - 28[0m
[0mGET /login [32m200[0m 1.308 ms - 3302[0m
[0mGET /favicon.ico [36m302[0m 0.459 ms - 28[0m
[0mGET http://api.ipify.org/?format=json [36m302[0m 0.384 ms - 28[0m
[0mGET / [36m302[0m 0.356 ms - 28[0m
[0mGET /login [32m200[0m 1.320 ms - 3302[0m
